<?xml version="1.0" encoding="UTF-8"?>
<!-- Generated by org.testng.reporters.JUnitReportReporter -->
<testsuite hostname="LAPTOP-TLSOB87U" failures="0" tests="2" name="testCases.TC002_LoginTest" time="4.704" errors="0" timestamp="2024-08-29T13:39:19 EDT" skipped="0">
  <testcase classname="testCases.TC002_LoginTest" name="verify_login" time="2.279"/>
  <testcase classname="testCases.TC002_LoginTest" name="verify_login" time="2.425"/>
</testsuite> <!-- testCases.TC002_LoginTest -->
