<?xml version="1.0" encoding="UTF-8"?>
<!-- Generated by org.testng.reporters.JUnitReportReporter -->
<testsuite hostname="LAPTOP-TLSOB87U" failures="0" tests="2" name="testCases.TC001_AccountRegistrationTest" time="5.277" errors="0" timestamp="2024-08-29T13:39:19 EDT" skipped="0">
  <testcase classname="testCases.TC001_AccountRegistrationTest" name="verify_account_registration" time="2.867"/>
  <testcase classname="testCases.TC001_AccountRegistrationTest" name="verify_account_registration" time="2.410"/>
</testsuite> <!-- testCases.TC001_AccountRegistrationTest -->
