<?xml version="1.0" encoding="UTF-8"?>
<!-- Generated by org.testng.reporters.JUnitReportReporter -->
<testsuite hostname="LAPTOP-TLSOB87U" failures="0" tests="5" name="testCases.TC003_LoginDDT" time="29.960" errors="0" timestamp="2024-08-09T13:59:33 EDT" skipped="0">
  <testcase classname="testCases.TC003_LoginDDT" name="verify_loginDDT" time="2.371"/>
  <testcase classname="testCases.TC003_LoginDDT" name="verify_loginDDT" time="11.167"/>
  <testcase classname="testCases.TC003_LoginDDT" name="verify_loginDDT" time="11.341"/>
  <testcase classname="testCases.TC003_LoginDDT" name="verify_loginDDT" time="2.312"/>
  <testcase classname="testCases.TC003_LoginDDT" name="verify_loginDDT" time="2.769"/>
</testsuite> <!-- testCases.TC003_LoginDDT -->
