<?xml version="1.0" encoding="UTF-8"?>
<!-- Generated by org.testng.reporters.JUnitReportReporter -->
<testsuite hostname="LAPTOP-TLSOB87U" failures="0" tests="1" name="testCases.TC002_LoginTest" time="3.079" errors="0" timestamp="2024-09-03T14:19:04 EDT" skipped="0">
  <testcase classname="testCases.TC002_LoginTest" name="verify_login" time="3.079"/>
</testsuite> <!-- testCases.TC002_LoginTest -->
