<?xml version="1.0" encoding="UTF-8"?>
<!-- Generated by org.testng.reporters.JUnitReportReporter -->
<testsuite hostname="LAPTOP-TLSOB87U" failures="0" tests="1" name="testCases.TC001_AccountRegistrationTest" time="2.673" errors="0" timestamp="2024-09-03T14:19:04 EDT" skipped="0">
  <testcase classname="testCases.TC001_AccountRegistrationTest" name="verify_account_registration" time="2.673"/>
</testsuite> <!-- testCases.TC001_AccountRegistrationTest -->
